{
  "RSpec": {
    "coverage": {
      "/Users/nicolacortese/Projects/bookmarks/spec/features/bookmark_page_spec.rb": {
        "lines": [
          null,
          1,
          null,
          1,
          1,
          1,
          1,
          1,
          1,
          null,
          null,
          1,
          1,
          1,
          null,
          null,
          null,
          null,
          1,
          null,
          1,
          1,
          1,
          1,
          1,
          1,
          1,
          null,
          null,
          1,
          1,
          1,
          1,
          1,
          1,
          null,
          null,
          null
        ]
      },
      "/Users/nicolacortese/Projects/bookmarks/spec/features/create_bookmark_spec.rb": {
        "lines": [
          1,
          null,
          1,
          1,
          1,
          1,
          1,
          1,
          1,
          null,
          null,
          null
        ]
      },
      "/Users/nicolacortese/Projects/bookmarks/spec/units/bookmark_spec.rb": {
        "lines": [
          1,
          null,
          1,
          null,
          1,
          2,
          null,
          null,
          1,
          1,
          null,
          null,
          1,
          1,
          null,
          null,
          null,
          null,
          1,
          null,
          1,
          1,
          1,
          1,
          null,
          null,
          null,
          null,
          1,
          null,
          null,
          null,
          1,
          1,
          null,
          null,
          1,
          1,
          1,
          null,
          null,
          1,
          4,
          null,
          null,
          null
        ]
      }
    },
    "timestamp": 1647364785
  }
}
